#! /usr/bin/env bash
exec /home/david/miniconda3/envs/digital/bin/vvp -f "$0" "$@" <<'# EOF'
:ivl_version "13.0 (devel)" "(0_8-6859-gf50cc35d2-dirty)";
:ivl_delay_selection "TYPICAL";
:vpi_time_precision - 12;
:vpi_module "/home/david/miniconda3/envs/digital/lib/ivl/system.vpi";
:vpi_module "/home/david/miniconda3/envs/digital/lib/ivl/vhdl_sys.vpi";
:vpi_module "/home/david/miniconda3/envs/digital/lib/ivl/vhdl_textio.vpi";
:vpi_module "/home/david/miniconda3/envs/digital/lib/ivl/v2005_math.vpi";
:vpi_module "/home/david/miniconda3/envs/digital/lib/ivl/va_math.vpi";
S_0x5b903a0 .scope module, "tb_division_entera" "tb_division_entera" 2 3;
 .timescale -9 -12;
P_0x5b9b890 .param/l "N" 0 2 5, +C4<00000000000000000000000000001000>;
v0x5bc60e0_0 .var "A", 7 0;
v0x5bc61c0_0 .var "B", 7 0;
v0x5bc6260_0 .net "Q", 7 0, v0x5bc4f60_0;  1 drivers
v0x5bc6300_0 .net "R", 7 0, v0x5bc5090_0;  1 drivers
v0x5bc63d0_0 .var "clk", 0 0;
v0x5bc6470_0 .net "done", 0 0, v0x5bc5910_0;  1 drivers
v0x5bc6540_0 .var "rst", 0 0;
v0x5bc6610_0 .var "start", 0 0;
E_0x5b61a80 .event anyedge, v0x5bc5910_0;
S_0x5b93290 .scope module, "dut" "division_entera" 2 17, 3 1 0, S_0x5b903a0;
 .timescale 0 0;
    .port_info 0 /INPUT 1 "clk";
    .port_info 1 /INPUT 1 "rst";
    .port_info 2 /INPUT 1 "start";
    .port_info 3 /INPUT 8 "A";
    .port_info 4 /INPUT 8 "B";
    .port_info 5 /OUTPUT 8 "Q";
    .port_info 6 /OUTPUT 8 "R";
    .port_info 7 /OUTPUT 1 "done";
P_0x5b8e9c0 .param/l "CALC" 1 3 18, C4<01>;
P_0x5b8ea00 .param/l "DONE" 1 3 19, C4<10>;
P_0x5b8ea40 .param/l "IDLE" 1 3 17, C4<00>;
P_0x5b8ea80 .param/l "N" 0 3 2, +C4<00000000000000000000000000001000>;
v0x5ba4d90_0 .net "A", 7 0, v0x5bc60e0_0;  1 drivers
v0x5bc4ce0_0 .var "A_ext", 15 0;
v0x5bc4dc0_0 .net "B", 7 0, v0x5bc61c0_0;  1 drivers
v0x5bc4e80_0 .var "B_reg", 7 0;
v0x5bc4f60_0 .var "Q", 7 0;
v0x5bc5090_0 .var "R", 7 0;
v0x5bc5170_0 .net *"_ivl_1", 14 0, L_0x5bc66e0;  1 drivers
v0x5bc5250_0 .net *"_ivl_13", 6 0, L_0x5bc6c80;  1 drivers
L_0x7eef196f1060 .functor BUFT 1, C4<1>, C4<0>, C4<0>, C4<0>;
v0x5bc5330_0 .net/2u *"_ivl_14", 0 0, L_0x7eef196f1060;  1 drivers
v0x5bc5410_0 .net *"_ivl_16", 15 0, L_0x5bc6d60;  1 drivers
L_0x7eef196f1018 .functor BUFT 1, C4<0>, C4<0>, C4<0>, C4<0>;
v0x5bc54f0_0 .net/2u *"_ivl_2", 0 0, L_0x7eef196f1018;  1 drivers
v0x5bc55d0_0 .net "cabe", 0 0, L_0x5bc6a70;  1 drivers
v0x5bc5690_0 .net "clk", 0 0, v0x5bc63d0_0;  1 drivers
v0x5bc5750_0 .var "count", 7 0;
v0x5bc5830_0 .net "diff", 7 0, L_0x5bc6b90;  1 drivers
v0x5bc5910_0 .var "done", 0 0;
v0x5bc59d0_0 .net "next_A_val", 15 0, L_0x5bc6f50;  1 drivers
v0x5bc5bc0_0 .net "rst", 0 0, v0x5bc6540_0;  1 drivers
v0x5bc5c80_0 .net "shifted_A", 15 0, L_0x5bc6810;  1 drivers
v0x5bc5d60_0 .net "start", 0 0, v0x5bc6610_0;  1 drivers
v0x5bc5e20_0 .var "state", 1 0;
v0x5bc5f00_0 .net "upper_part", 7 0, L_0x5bc6980;  1 drivers
E_0x5b9e0c0 .event posedge, v0x5bc5bc0_0, v0x5bc5690_0;
L_0x5bc66e0 .part v0x5bc4ce0_0, 0, 15;
L_0x5bc6810 .concat [ 1 15 0 0], L_0x7eef196f1018, L_0x5bc66e0;
L_0x5bc6980 .part L_0x5bc6810, 8, 8;
L_0x5bc6a70 .cmp/ge 8, L_0x5bc6980, v0x5bc4e80_0;
L_0x5bc6b90 .arith/sub 8, L_0x5bc6980, v0x5bc4e80_0;
L_0x5bc6c80 .part L_0x5bc6810, 1, 7;
L_0x5bc6d60 .concat [ 1 7 8 0], L_0x7eef196f1060, L_0x5bc6c80, L_0x5bc6b90;
L_0x5bc6f50 .functor MUXZ 16, L_0x5bc6810, L_0x5bc6d60, L_0x5bc6a70, C4<>;
    .scope S_0x5b93290;
T_0 ;
    %wait E_0x5b9e0c0;
    %load/vec4 v0x5bc5bc0_0;
    %flag_set/vec4 8;
    %jmp/0xz  T_0.0, 8;
    %pushi/vec4 0, 0, 2;
    %assign/vec4 v0x5bc5e20_0, 0;
    %pushi/vec4 0, 0, 1;
    %assign/vec4 v0x5bc5910_0, 0;
    %pushi/vec4 0, 0, 8;
    %assign/vec4 v0x5bc4f60_0, 0;
    %pushi/vec4 0, 0, 8;
    %assign/vec4 v0x5bc5090_0, 0;
    %pushi/vec4 0, 0, 8;
    %assign/vec4 v0x5bc5750_0, 0;
    %pushi/vec4 0, 0, 16;
    %assign/vec4 v0x5bc4ce0_0, 0;
    %pushi/vec4 0, 0, 8;
    %assign/vec4 v0x5bc4e80_0, 0;
    %jmp T_0.1;
T_0.0 ;
    %load/vec4 v0x5bc5e20_0;
    %dup/vec4;
    %pushi/vec4 0, 0, 2;
    %cmp/u;
    %jmp/1 T_0.2, 6;
    %dup/vec4;
    %pushi/vec4 1, 0, 2;
    %cmp/u;
    %jmp/1 T_0.3, 6;
    %dup/vec4;
    %pushi/vec4 2, 0, 2;
    %cmp/u;
    %jmp/1 T_0.4, 6;
    %jmp T_0.5;
T_0.2 ;
    %pushi/vec4 0, 0, 1;
    %assign/vec4 v0x5bc5910_0, 0;
    %load/vec4 v0x5bc5d60_0;
    %flag_set/vec4 8;
    %jmp/0xz  T_0.6, 8;
    %load/vec4 v0x5bc4dc0_0;
    %assign/vec4 v0x5bc4e80_0, 0;
    %pushi/vec4 8, 0, 8;
    %assign/vec4 v0x5bc5750_0, 0;
    %pushi/vec4 0, 0, 8;
    %load/vec4 v0x5ba4d90_0;
    %concat/vec4; draw_concat_vec4
    %assign/vec4 v0x5bc4ce0_0, 0;
    %pushi/vec4 1, 0, 2;
    %assign/vec4 v0x5bc5e20_0, 0;
T_0.6 ;
    %jmp T_0.5;
T_0.3 ;
    %load/vec4 v0x5bc59d0_0;
    %assign/vec4 v0x5bc4ce0_0, 0;
    %load/vec4 v0x5bc5750_0;
    %subi 1, 0, 8;
    %assign/vec4 v0x5bc5750_0, 0;
    %load/vec4 v0x5bc5750_0;
    %pad/u 32;
    %cmpi/e 1, 0, 32;
    %jmp/0xz  T_0.8, 4;
    %pushi/vec4 2, 0, 2;
    %assign/vec4 v0x5bc5e20_0, 0;
T_0.8 ;
    %jmp T_0.5;
T_0.4 ;
    %pushi/vec4 1, 0, 1;
    %assign/vec4 v0x5bc5910_0, 0;
    %load/vec4 v0x5bc4ce0_0;
    %parti/s 8, 0, 2;
    %assign/vec4 v0x5bc4f60_0, 0;
    %load/vec4 v0x5bc4ce0_0;
    %parti/s 8, 8, 5;
    %assign/vec4 v0x5bc5090_0, 0;
    %load/vec4 v0x5bc5d60_0;
    %nor/r;
    %flag_set/vec4 8;
    %jmp/0xz  T_0.10, 8;
    %pushi/vec4 0, 0, 2;
    %assign/vec4 v0x5bc5e20_0, 0;
T_0.10 ;
    %jmp T_0.5;
T_0.5 ;
    %pop/vec4 1;
T_0.1 ;
    %jmp T_0;
    .thread T_0;
    .scope S_0x5b903a0;
T_1 ;
    %pushi/vec4 0, 0, 1;
    %store/vec4 v0x5bc63d0_0, 0, 1;
T_1.0 ;
    %delay 5000, 0;
    %load/vec4 v0x5bc63d0_0;
    %inv;
    %store/vec4 v0x5bc63d0_0, 0, 1;
    %jmp T_1.0;
T_1.1 ;
    %end;
    .thread T_1;
    .scope S_0x5b903a0;
T_2 ;
    %delay 2000000, 0;
    %vpi_call 2 38 "$display", "ERROR CR\303\215TICO: La simulaci\303\263n se colg\303\263 (Timeout)." {0 0 0};
    %vpi_call 2 39 "$display", "Revisa si el contador est\303\241 bajando o si entraste al estado CALC." {0 0 0};
    %vpi_call 2 40 "$finish" {0 0 0};
    %end;
    .thread T_2;
    .scope S_0x5b903a0;
T_3 ;
    %vpi_call 2 46 "$monitor", "Tiempo: %t | Estado: %d | Count: %d | A_ext: %b | Done: %b", $time, v0x5bc5e20_0, v0x5bc5750_0, v0x5bc4ce0_0, v0x5bc6470_0 {0 0 0};
    %end;
    .thread T_3;
    .scope S_0x5b903a0;
T_4 ;
    %vpi_call 2 52 "$dumpfile", "division.vcd" {0 0 0};
    %vpi_call 2 53 "$dumpvars", 32'sb00000000000000000000000000000000, S_0x5b903a0 {0 0 0};
    %pushi/vec4 1, 0, 1;
    %store/vec4 v0x5bc6540_0, 0, 1;
    %pushi/vec4 0, 0, 1;
    %store/vec4 v0x5bc6610_0, 0, 1;
    %pushi/vec4 0, 0, 8;
    %store/vec4 v0x5bc60e0_0, 0, 8;
    %pushi/vec4 0, 0, 8;
    %store/vec4 v0x5bc61c0_0, 0, 8;
    %delay 20000, 0;
    %pushi/vec4 0, 0, 1;
    %store/vec4 v0x5bc6540_0, 0, 1;
    %delay 20000, 0;
    %vpi_call 2 62 "$display", "--- Iniciando Prueba 15/4 ---" {0 0 0};
    %pushi/vec4 15, 0, 8;
    %store/vec4 v0x5bc60e0_0, 0, 8;
    %pushi/vec4 4, 0, 8;
    %store/vec4 v0x5bc61c0_0, 0, 8;
    %pushi/vec4 1, 0, 1;
    %store/vec4 v0x5bc6610_0, 0, 1;
    %delay 10000, 0;
    %pushi/vec4 0, 0, 1;
    %store/vec4 v0x5bc6610_0, 0, 1;
T_4.0 ;
    %load/vec4 v0x5bc6470_0;
    %cmpi/ne 1, 0, 1;
    %jmp/0xz T_4.1, 6;
    %wait E_0x5b61a80;
    %jmp T_4.0;
T_4.1 ;
    %vpi_call 2 72 "$display", ">>> \303\211XITO: Resultado 15/4 -> Q: %d, R: %d", v0x5bc6260_0, v0x5bc6300_0 {0 0 0};
    %vpi_call 2 73 "$finish" {0 0 0};
    %end;
    .thread T_4;
# The file index is used to find the file name in the following table.
:file_names 4;
    "N/A";
    "<interactive>";
    "sim/div_tb.v";
    "src/div.v";
# EOF
